<?xml version="1.0" encoding="UTF-8"?>
<!-- Generated by org.testng.reporters.JUnitReportReporter -->
<testsuite hostname="DESKTOP-D595GEN" failures="0" tests="1" name="LearningTestng.WorkingwithTestng" time="0.011" errors="0" timestamp="14 Jun 2024 15:29:56 GMT" skipped="0">
  <testcase classname="LearningTestng.WorkingwithTestng" name="testScript2" time="0.011"/>
</testsuite> <!-- LearningTestng.WorkingwithTestng -->
