<?xml version="1.0" encoding="UTF-8"?>
<!-- Generated by org.testng.reporters.JUnitReportReporter -->
<testsuite hostname="DESKTOP-D595GEN" failures="0" tests="1" name="LearningTestng.AnnotationTestNg" time="0.006" errors="0" timestamp="17 Jun 2024 15:28:29 GMT" skipped="0">
  <testcase classname="LearningTestng.AnnotationTestNg" name="Test" time="0.006"/>
</testsuite> <!-- LearningTestng.AnnotationTestNg -->
