<?xml version="1.0" encoding="UTF-8"?>
<!-- Generated by org.testng.reporters.JUnitReportReporter -->
<testsuite hostname="DESKTOP-D595GEN" failures="0" tests="1" name="LearningTestng.TestClass1" time="0.012" errors="0" timestamp="14 Jun 2024 15:30:12 GMT" skipped="0">
  <testcase classname="LearningTestng.TestClass1" name="addTocart" time="0.012"/>
</testsuite> <!-- LearningTestng.TestClass1 -->
